\BOOKMARK [0][-]{chapter*.1}{\376\377\000L\036\334\000I\000\040\000C\036\242\000M\000\040\001\240\000N}{}% 1
\BOOKMARK [0][-]{chapter*.1}{\376\377\000L\036\334\000I\000\040\000C\000A\000M\000\040\001\020\000O\000A\000N}{}% 2
\BOOKMARK [0][-]{chapter*.2}{\376\377\000D\000A\000N\000H\000\040\000M\036\344\000C\000\040\000T\036\352\000\040\000V\000I\036\276\000T\000\040\000T\036\256\000T}{}% 3
\BOOKMARK [0][-]{chapter*.3}{\376\377\000L\036\334\000I\000\040\000N\000\323\000I\000\040\001\020\036\246\000U}{}% 4
\BOOKMARK [1][-]{section*.4}{\376\377\0001\000.\000\040\000S\036\361\000\040\000c\036\247\000n\000\040\000t\000h\000i\036\277\000t\000\040\000c\036\347\000a\000\040\001\021\036\301\000\040\000t\000\340\000i}{chapter*.3}% 5
\BOOKMARK [1][-]{section*.4}{\376\377\0002\000.\000\040\000M\036\345\000c\000\040\000t\000i\000\352\000u\000\040\000v\000\340\000\040\000n\000h\000i\036\307\000m\000\040\000v\036\345\000\040\000n\000g\000h\000i\000\352\000n\000\040\000c\036\351\000u}{chapter*.3}% 6
\BOOKMARK [1][-]{section*.4}{\376\377\0003\000.\000\040\001\020\036\321\000i\000\040\000t\001\260\036\343\000n\000g\000,\000\040\000p\000h\036\241\000m\000\040\000v\000i\000\040\000v\000\340\000\040\000p\000h\001\260\001\241\000n\000g\000\040\000p\000h\000\341\000p\000\040\000t\000h\036\361\000c\000\040\000h\000i\036\307\000n}{chapter*.3}% 7
\BOOKMARK [1][-]{section*.4}{\376\377\0004\000.\000\040\000B\036\321\000\040\000c\036\345\000c\000\040\000b\000\341\000o\000\040\000c\000\341\000o}{chapter*.3}% 8
\BOOKMARK [0][-]{chapter.1}{\376\377\000C\001\240\000\040\000S\036\336\000\040\000L\000\335\000\040\000T\000H\000U\000Y\036\276\000T}{}% 9
\BOOKMARK [1][-]{section.1.1}{\376\377\000K\000h\000\341\000i\000\040\000q\000u\000\341\000t\000\040\000v\036\301\000\040\000w\000e\000b\000s\000i\000t\000e\000\040\000t\036\255\000p\000\040\000l\000u\000y\036\307\000n\000\040\000c\000\341\000\040\000n\000h\000\342\000n\000\040\000h\000\363\000a}{chapter.1}% 10
\BOOKMARK [1][-]{section.1.2}{\376\377\000D\036\357\000\040\000l\000i\036\307\000u\000\040\000s\036\351\000c\000\040\000k\000h\036\317\000e\000\040\000v\000\340\000\040\000d\036\357\000\040\000l\000i\036\307\000u\000\040\000b\000\340\000i\000\040\000t\036\255\000p}{chapter.1}% 11
\BOOKMARK [2][-]{subsection.1.2.1}{\376\377\000D\036\357\000\040\000l\000i\036\307\000u\000\040\000s\036\351\000c\000\040\000k\000h\036\317\000e\000\040\000c\036\347\000a\000\040\000n\000g\001\260\036\335\000i\000\040\000d\000\371\000n\000g}{section.1.2}% 12
\BOOKMARK [2][-]{subsection.1.2.2}{\376\377\000D\036\357\000\040\000l\000i\036\307\000u\000\040\000b\000\340\000i\000\040\000t\036\255\000p}{section.1.2}% 13
\BOOKMARK [1][-]{section.1.3}{\376\377\000N\000g\000u\000y\000\352\000n\000\040\000t\036\257\000c\000\040\000g\036\343\000i\000\040\000\375\000\040\000b\000\340\000i\000\040\000t\036\255\000p\000\040\000d\036\361\000a\000\040\000t\000r\000\352\000n\000\040\000l\000u\036\255\000t}{chapter.1}% 14
\BOOKMARK [1][-]{section.1.4}{\376\377\000C\001\241\000\040\000s\036\337\000\040\000v\036\301\000\040\036\351\000n\000g\000\040\000d\036\345\000n\000g\000\040\000w\000e\000b\000\040\000f\000u\000l\000l\000-\000s\000t\000a\000c\000k}{chapter.1}% 15
\BOOKMARK [1][-]{section.1.5}{\376\377\000C\001\241\000\040\000s\036\337\000\040\000d\036\357\000\040\000l\000i\036\307\000u\000\040\000q\000u\000a\000n\000\040\000h\036\307\000\040\000v\000\340\000\040\000P\000r\000i\000s\000m\000a\000\040\000O\000R\000M}{chapter.1}% 16
\BOOKMARK [1][-]{section.1.6}{\376\377\000X\000\341\000c\000\040\000t\000h\036\361\000c\000\040\000t\000\340\000i\000\040\000k\000h\000o\036\243\000n\000\040\000v\000\340\000\040\000q\000u\036\243\000n\000\040\000l\000\375\000\040\000p\000h\000i\000\352\000n}{chapter.1}% 17
\BOOKMARK [1][-]{section.1.7}{\376\377\000C\000h\000a\000t\000b\000o\000t\000\040\000h\036\327\000\040\000t\000r\036\343\000\040\000l\000u\000y\036\307\000n\000\040\000t\036\255\000p}{chapter.1}% 18
\BOOKMARK [1][-]{section.1.8}{\376\377\000N\000g\000u\000y\000\352\000n\000\040\000t\036\257\000c\000\040\000t\000h\000i\036\277\000t\000\040\000k\036\277\000\040\000g\000i\000a\000o\000\040\000d\000i\036\307\000n\000\040\000v\000\340\000\040\000t\000r\036\243\000i\000\040\000n\000g\000h\000i\036\307\000m}{chapter.1}% 19
\BOOKMARK [0][-]{chapter.2}{\376\377\000K\000H\036\242\000O\000\040\000S\000\301\000T\000\040\000V\000\300\000\040\000P\000H\000\302\000N\000\040\000T\000\315\000C\000H\000\040\000H\036\306\000\040\000T\000H\036\320\000N\000G}{}% 20
\BOOKMARK [1][-]{section.2.1}{\376\377\000P\000h\000\341\000t\000\040\000b\000i\036\303\000u\000\040\000b\000\340\000i\000\040\000t\000o\000\341\000n}{chapter.2}% 21
\BOOKMARK [1][-]{section.2.2}{\376\377\000M\036\345\000c\000\040\000t\000i\000\352\000u\000\040\000k\000h\036\243\000o\000\040\000s\000\341\000t}{chapter.2}% 22
\BOOKMARK [1][-]{section.2.3}{\376\377\000T\036\325\000n\000g\000\040\000h\036\343\000p\000\040\000k\036\277\000t\000\040\000q\000u\036\243\000\040\000k\000h\036\243\000o\000\040\000s\000\341\000t\000\040\000n\000g\001\260\036\335\000i\000\040\000d\000\371\000n\000g}{chapter.2}% 23
\BOOKMARK [1][-]{section.2.4}{\376\377\000P\000h\000\342\000n\000\040\000t\000\355\000c\000h\000\040\000s\036\243\000n\000\040\000p\000h\036\251\000m\000\040\000t\001\260\001\241\000n\000g\000\040\000t\036\361}{chapter.2}% 24
\BOOKMARK [1][-]{section.2.5}{\376\377\000N\000h\000\363\000m\000\040\000n\000g\001\260\036\335\000i\000\040\000d\000\371\000n\000g\000\040\000v\000\340\000\040\000t\000\341\000c\000\040\000n\000h\000\342\000n\000\040\000h\036\307\000\040\000t\000h\036\321\000n\000g}{chapter.2}% 25
\BOOKMARK [1][-]{section.2.6}{\376\377\000Y\000\352\000u\000\040\000c\036\247\000u\000\040\000c\000h\036\351\000c\000\040\000n\001\003\000n\000g}{chapter.2}% 26
\BOOKMARK [1][-]{section.2.7}{\376\377\000Y\000\352\000u\000\040\000c\036\247\000u\000\040\000p\000h\000i\000\040\000c\000h\036\351\000c\000\040\000n\001\003\000n\000g}{chapter.2}% 27
\BOOKMARK [1][-]{section.2.8}{\376\377\000P\000h\000\342\000n\000\040\000t\000\355\000c\000h\000\040\000r\036\347\000i\000\040\000r\000o\000\040\000y\000\352\000u\000\040\000c\036\247\000u}{chapter.2}% 28
\BOOKMARK [1][-]{section.2.9}{\376\377\000M\000a\000\040\000t\000r\036\255\000n\000\040\000t\000r\000u\000y\000\040\000v\036\277\000t\000\040\000y\000\352\000u\000\040\000c\036\247\000u}{chapter.2}% 29
\BOOKMARK [0][-]{chapter.3}{\376\377\000T\000H\000I\036\276\000T\000\040\000K\036\276\000\040\000H\036\306\000\040\000T\000H\036\320\000N\000G}{}% 30
\BOOKMARK [1][-]{section.3.1}{\376\377\000T\000h\000i\036\277\000t\000\040\000k\036\277\000\040\000l\000u\036\323\000n\000g\000\040\000n\000g\000h\000i\036\307\000p\000\040\000v\036\345\000\040\000t\036\325\000n\000g\000\040\000q\000u\000\341\000t}{chapter.3}% 31
\BOOKMARK [1][-]{section.3.2}{\376\377\000K\000i\036\277\000n\000\040\000t\000r\000\372\000c\000\040\000t\036\325\000n\000g\000\040\000t\000h\036\303\000\040\000c\036\347\000a\000\040\000h\036\307\000\040\000t\000h\036\321\000n\000g}{chapter.3}% 32
\BOOKMARK [1][-]{section.3.3}{\376\377\000T\000\341\000c\000\040\000n\000h\000\342\000n\000\040\000v\000\340\000\040\000p\000h\036\241\000m\000\040\000v\000i\000\040\000q\000u\000y\036\301\000n}{chapter.3}% 33
\BOOKMARK [1][-]{section.3.4}{\376\377\001\020\036\267\000c\000\040\000t\036\243\000\040\000U\000s\000e\000\040\000C\000a\000s\000e\000\040\000t\036\325\000n\000g\000\040\000q\000u\000\341\000t}{chapter.3}% 34
\BOOKMARK [1][-]{section.3.5}{\376\377\000T\000h\000i\036\277\000t\000\040\000k\036\277\000\040\000U\000s\000e\000\040\000C\000a\000s\000e\000\040\000c\000h\000i\000\040\000t\000i\036\277\000t}{chapter.3}% 35
\BOOKMARK [1][-]{section.3.6}{\376\377\000T\000h\000i\036\277\000t\000\040\000k\036\277\000\040\000c\000h\000u\036\327\000i\000\040\000t\001\260\001\241\000n\000g\000\040\000t\000\341\000c\000\040\000x\036\355\000\040\000l\000\375}{chapter.3}% 36
\BOOKMARK [1][-]{section.3.7}{\376\377\000T\000h\000i\036\277\000t\000\040\000k\036\277\000\040\000m\000\364\000\040\000h\000\354\000n\000h\000\040\000d\036\357\000\040\000l\000i\036\307\000u}{chapter.3}% 37
\BOOKMARK [1][-]{section.3.8}{\376\377\000T\000h\000i\036\277\000t\000\040\000k\036\277\000\040\000r\000o\000u\000t\000e\000\040\000v\000\340\000\040\000A\000P\000I\000\040\000l\000o\000g\000i\000c}{chapter.3}% 38
\BOOKMARK [1][-]{section.3.9}{\376\377\000T\000h\000i\036\277\000t\000\040\000k\036\277\000\040\000x\036\355\000\040\000l\000\375\000\040\000b\036\243\000o\000\040\000m\036\255\000t\000\040\000v\000\340\000\040\000p\000h\000\342\000n\000\040\000q\000u\000y\036\301\000n}{chapter.3}% 39
\BOOKMARK [1][-]{section.3.10}{\376\377\000T\000h\000i\036\277\000t\000\040\000k\036\277\000\040\000g\000i\000a\000o\000\040\000d\000i\036\307\000n}{chapter.3}% 40
\BOOKMARK [1][-]{section.3.11}{\376\377\000T\000h\000i\036\277\000t\000\040\000k\036\277\000\040\000t\000h\000\364\000n\000g\000\040\000b\000\341\000o\000\040\000v\000\340\000\040\000x\036\355\000\040\000l\000\375\000\040\000l\036\327\000i}{chapter.3}% 41
\BOOKMARK [0][-]{chapter.4}{\376\377\000T\000R\000I\036\302\000N\000\040\000K\000H\000A\000I}{}% 42
\BOOKMARK [1][-]{section.4.1}{\376\377\000M\000\364\000i\000\040\000t\000r\001\260\036\335\000n\000g\000\040\000t\000r\000i\036\303\000n\000\040\000k\000h\000a\000i\000\040\000v\000\340\000\040\000c\036\245\000u\000\040\000t\000r\000\372\000c\000\040\000m\000\343\000\040\000n\000g\000u\036\323\000n}{chapter.4}% 43
\BOOKMARK [1][-]{section.4.2}{\376\377\000T\000h\000u\000\040\000n\000h\036\255\000n\000\040\000v\000\340\000\040\000x\036\355\000\040\000l\000\375\000\040\000d\036\357\000\040\000l\000i\036\307\000u\000\040\000b\000\340\000i\000\040\000t\036\255\000p}{chapter.4}% 44
\BOOKMARK [2][-]{subsection.4.2.1}{\376\377\000X\000\341\000c\000\040\001\021\036\313\000n\000h\000\040\001\021\036\331\000\040\000k\000h\000\363\000\040\000b\000\340\000i\000\040\000t\036\255\000p}{section.4.2}% 45
\BOOKMARK [2][-]{subsection.4.2.2}{\376\377\001\257\036\333\000c\000\040\000l\001\260\036\343\000n\000g\000\040\000t\000h\036\335\000i\000\040\000l\001\260\036\343\000n\000g\000\040\000b\000\340\000i\000\040\000t\036\255\000p}{section.4.2}% 46
\BOOKMARK [2][-]{subsection.4.2.3}{\376\377\000P\000h\000\342\000n\000\040\000l\000o\036\241\000i\000\040\000c\001\260\036\335\000n\000g\000\040\001\021\036\331}{section.4.2}% 47
\BOOKMARK [2][-]{subsection.4.2.4}{\376\377\000\301\000n\000h\000\040\000x\036\241\000\040\000t\000\354\000n\000h\000\040\000t\000r\036\241\000n\000g\000\040\000s\036\351\000c\000\040\000k\000h\036\317\000e}{section.4.2}% 48
\BOOKMARK [1][-]{section.4.3}{\376\377\000T\000r\000i\036\303\000n\000\040\000k\000h\000a\000i\000\040\000x\000\341\000c\000\040\000t\000h\036\361\000c\000\040\000v\000\340\000\040\000q\000u\036\243\000n\000\040\000l\000\375\000\040\000p\000h\000i\000\352\000n}{chapter.4}% 49
\BOOKMARK [1][-]{section.4.4}{\376\377\000T\000r\000i\036\303\000n\000\040\000k\000h\000a\000i\000\040\000h\036\323\000\040\000s\001\241\000\040\000s\036\351\000c\000\040\000k\000h\036\317\000e}{chapter.4}% 50
\BOOKMARK [1][-]{section.4.5}{\376\377\000T\000r\000i\036\303\000n\000\040\000k\000h\000a\000i\000\040\000c\000h\036\351\000c\000\040\000n\001\003\000n\000g\000\040\000g\036\343\000i\000\040\000\375\000\040\000b\000\340\000i\000\040\000t\036\255\000p}{chapter.4}% 51
\BOOKMARK [1][-]{section.4.6}{\376\377\000T\000r\000i\036\303\000n\000\040\000k\000h\000a\000i\000\040\000l\036\255\000p\000\040\000k\036\277\000\040\000h\000o\036\241\000c\000h\000\040\000v\000\340\000\040\000l\036\313\000c\000h\000\040\000t\036\255\000p}{chapter.4}% 52
\BOOKMARK [1][-]{section.4.7}{\376\377\000T\000r\000i\036\303\000n\000\040\000k\000h\000a\000i\000\040\000c\000h\000i\000\040\000t\000i\036\277\000t\000\040\000b\000\340\000i\000\040\000t\036\255\000p\000\040\000v\000\340\000\040\000g\000h\000i\000\040\000n\000h\036\255\000n\000\040\000t\000i\036\277\000n\000\040\000t\000r\000\354\000n\000h}{chapter.4}% 53
\BOOKMARK [1][-]{section.4.8}{\376\377\000T\000r\000i\036\303\000n\000\040\000k\000h\000a\000i\000\040\000t\000h\036\321\000n\000g\000\040\000k\000\352\000\040\000v\000\340\000\040\000p\000h\036\243\000n\000\040\000h\036\323\000i\000\040\000c\000\341\000\040\000n\000h\000\342\000n\000\040\000h\000\363\000a}{chapter.4}% 54
\BOOKMARK [1][-]{section.4.9}{\376\377\000T\000r\000i\036\303\000n\000\040\000k\000h\000a\000i\000\040\000c\000h\000a\000t\000b\000o\000t\000\040\000h\036\327\000\040\000t\000r\036\343}{chapter.4}% 55
\BOOKMARK [1][-]{section.4.10}{\376\377\000T\000r\000i\036\303\000n\000\040\000k\000h\000a\000i\000\040\000g\000i\000a\000o\000\040\000d\000i\036\307\000n\000\040\000n\000g\001\260\036\335\000i\000\040\000d\000\371\000n\000g}{chapter.4}% 56
\BOOKMARK [1][-]{section.4.11}{\376\377\000T\000r\000i\036\303\000n\000\040\000k\000h\000a\000i\000\040\000g\000i\000a\000o\000\040\000d\000i\036\307\000n\000\040\000q\000u\036\243\000n\000\040\000t\000r\036\313}{chapter.4}% 57
\BOOKMARK [1][-]{section.4.12}{\376\377\000K\000i\036\303\000m\000\040\000t\000h\036\355\000\040\000c\000h\036\351\000c\000\040\000n\001\003\000n\000g}{chapter.4}% 58
\BOOKMARK [1][-]{section.4.13}{\376\377\001\020\000\341\000n\000h\000\040\000g\000i\000\341\000\040\000b\036\243\000o\000\040\000m\036\255\000t\000\040\000k\000h\000i\000\040\000t\000r\000i\036\303\000n\000\040\000k\000h\000a\000i}{chapter.4}% 59
\BOOKMARK [1][-]{section.4.14}{\376\377\001\020\000\341\000n\000h\000\040\000g\000i\000\341\000\040\000k\036\277\000t\000\040\000q\000u\036\243\000\040\000t\000r\000i\036\303\000n\000\040\000k\000h\000a\000i}{chapter.4}% 60
\BOOKMARK [1][-]{section.4.15}{\376\377\000H\001\260\036\333\000n\000g\000\040\000d\036\253\000n\000\040\000v\036\255\000n\000\040\000h\000\340\000n\000h\000\040\000v\000\340\000\040\000b\036\243\000o\000\040\000t\000r\000\354}{chapter.4}% 61
\BOOKMARK [0][-]{chapter*.53}{\376\377\000K\036\276\000T\000\040\000L\000U\036\254\000N}{}% 62
\BOOKMARK [0][-]{chapter*.54}{\376\377\000T\000\300\000I\000\040\000L\000I\036\306\000U\000\040\000T\000H\000A\000M\000\040\000K\000H\036\242\000O}{}% 63
\BOOKMARK [0][-]{chapter*.54}{\376\377\000P\000H\036\344\000\040\000L\036\344\000C}{}% 64
\BOOKMARK [1][-]{appendix*.55}{\376\377\000P\000h\036\345\000\040\000l\036\345\000c\000\040\000A\000.\000\040\000C\000\302\000U\000\040\000H\036\316\000I\000\040\000K\000H\036\242\000O\000\040\000S\000\301\000T\000\040\001\020\036\300\000\040\000X\000U\036\244\000T}{chapter*.54}% 65
\BOOKMARK [1][-]{appendix*.56}{\376\377\000P\000h\036\345\000\040\000l\036\345\000c\000\040\000B\000.\000\040\000M\036\252\000U\000\040\000D\036\356\000\040\000L\000I\036\306\000U\000\040\000B\000\300\000I\000\040\000T\036\254\000P\000\040\000S\000A\000U\000\040\000C\000H\000U\036\250\000N\000\040\000H\000\323\000A}{chapter*.54}% 66
\BOOKMARK [1][-]{appendix*.57}{\376\377\000P\000h\036\345\000\040\000l\036\345\000c\000\040\000C\000.\000\040\000C\000H\000E\000C\000K\000L\000I\000S\000T\000\040\000N\000G\000H\000I\036\306\000M\000\040\000T\000H\000U\000\040\000C\000H\036\350\000C\000\040\000N\001\002\000N\000G}{chapter*.54}% 67
\BOOKMARK [1][-]{appendix*.58}{\376\377\000P\000h\036\345\000\040\000l\036\345\000c\000\040\000D\000.\000\040\000G\000I\036\242\000\040\000M\000\303\000\040\000T\000H\000U\036\254\000T\000\040\000T\000O\000\301\000N\000\040\000G\036\342\000I\000\040\000\335\000\040\000B\000\300\000I\000\040\000T\036\254\000P}{chapter*.54}% 68
\BOOKMARK [1][-]{appendix*.59}{\376\377\000P\000h\036\345\000\040\000l\036\345\000c\000\040\000E\000.\000\040\000M\000A\000\040\000T\000R\036\254\000N\000\040\000M\000\303\000\040\000N\000G\000U\036\322\000N\000\040\000V\000\300\000\040\000C\000H\036\350\000C\000\040\000N\001\002\000N\000G}{chapter*.54}% 69
\BOOKMARK [1][-]{appendix*.60}{\376\377\000P\000h\036\345\000\040\000l\036\345\000c\000\040\000F\000.\000\040\000K\036\312\000C\000H\000\040\000B\036\242\000N\000\040\000K\000I\036\302\000M\000\040\000T\000H\036\354\000\040\000C\000H\000I\000\040\000T\000I\036\276\000T}{chapter*.54}% 70
\BOOKMARK [1][-]{appendix*.61}{\376\377\000P\000h\036\345\000\040\000l\036\345\000c\000\040\000G\000.\000\040\000Q\000U\000Y\000\040\000T\036\256\000C\000\040\000R\000\300\000\040\000S\000O\000\301\000T\000\040\000M\000\303\000\040\000N\000G\000U\036\322\000N\000\040\000T\000R\001\257\036\332\000C\000\040\000K\000H\000I\000\040\000T\000R\000I\036\302\000N\000\040\000K\000H\000A\000I}{chapter*.54}% 71
\BOOKMARK [1][-]{section.G.1}{\376\377\000R\000\340\000\040\000s\000o\000\341\000t\000\040\000c\036\245\000u\000\040\000h\000\354\000n\000h\000\040\000v\000\340\000\040\000b\000i\036\277\000n\000\040\000m\000\364\000i\000\040\000t\000r\001\260\036\335\000n\000g}{chapter*.54}% 72
\BOOKMARK [1][-]{section.G.2}{\376\377\000R\000\340\000\040\000s\000o\000\341\000t\000\040\000q\000u\000y\036\301\000n\000\040\000t\000r\000u\000y\000\040\000c\036\255\000p}{chapter*.54}% 73
\BOOKMARK [1][-]{section.G.3}{\376\377\000R\000\340\000\040\000s\000o\000\341\000t\000\040\000d\036\357\000\040\000l\000i\036\307\000u\000\040\000v\000\340\000\040\000t\000r\036\243\000i\000\040\000n\000g\000h\000i\036\307\000m}{chapter*.54}% 74
\BOOKMARK [1][-]{appendix*.62}{\376\377\000P\000h\036\345\000\040\000l\036\345\000c\000\040\000H\000.\000\040\000P\000H\000\302\000N\000\040\000T\000\315\000C\000H\000\040\000C\000\301\000C\000\040\001\020\000I\036\302\000M\000\040\000C\036\246\000N\000\040\000H\000O\000\300\000N\000\040\000T\000H\000I\036\306\000N\000\040\000T\036\352\000\040\000M\000\303\000\040\000N\000G\000U\036\322\000N}{chapter*.54}% 75
\BOOKMARK [0][-]{appendix*.63}{\376\377\000N\000H\036\254\000N\000\040\000X\000\311\000T\000\040\000C\036\346\000A\000\040\000G\000I\000\301\000O\000\040\000V\000I\000\312\000N\000\040\000H\001\257\036\332\000N\000G\000\040\000D\036\252\000N}{}% 76
